0 info it worked if it ends with ok
1 verbose cli [ 'node', '/usr/local/bin/npm', 'install' ]
2 info using npm@1.4.28
3 info using node@v0.10.35
4 warn package.json node-web-scrape@0.0.1 No repository field.
5 warn package.json node-web-scrape@0.0.1 No README data
6 verbose readDependencies using package.json deps
7 verbose install where, deps [ '/Users/gregghanano/Desktop/CodingDojo/portfolio/node_scraper',
7 verbose install   [ 'express', 'request', 'cheerio' ] ]
8 info preinstall node-web-scrape@0.0.1
9 verbose readDependencies using package.json deps
10 verbose cache add [ 'express@latest', null ]
11 verbose cache add name=undefined spec="express@latest" args=["express@latest",null]
12 verbose parsed url { protocol: null,
12 verbose parsed url   slashes: null,
12 verbose parsed url   auth: null,
12 verbose parsed url   host: null,
12 verbose parsed url   port: null,
12 verbose parsed url   hostname: null,
12 verbose parsed url   hash: null,
12 verbose parsed url   search: null,
12 verbose parsed url   query: null,
12 verbose parsed url   pathname: 'express@latest',
12 verbose parsed url   path: 'express@latest',
12 verbose parsed url   href: 'express@latest' }
13 verbose cache add [ 'request@latest', null ]
14 verbose cache add name=undefined spec="request@latest" args=["request@latest",null]
15 verbose parsed url { protocol: null,
15 verbose parsed url   slashes: null,
15 verbose parsed url   auth: null,
15 verbose parsed url   host: null,
15 verbose parsed url   port: null,
15 verbose parsed url   hostname: null,
15 verbose parsed url   hash: null,
15 verbose parsed url   search: null,
15 verbose parsed url   query: null,
15 verbose parsed url   pathname: 'request@latest',
15 verbose parsed url   path: 'request@latest',
15 verbose parsed url   href: 'request@latest' }
16 verbose cache add [ 'cheerio@latest', null ]
17 verbose cache add name=undefined spec="cheerio@latest" args=["cheerio@latest",null]
18 verbose parsed url { protocol: null,
18 verbose parsed url   slashes: null,
18 verbose parsed url   auth: null,
18 verbose parsed url   host: null,
18 verbose parsed url   port: null,
18 verbose parsed url   hostname: null,
18 verbose parsed url   hash: null,
18 verbose parsed url   search: null,
18 verbose parsed url   query: null,
18 verbose parsed url   pathname: 'cheerio@latest',
18 verbose parsed url   path: 'cheerio@latest',
18 verbose parsed url   href: 'cheerio@latest' }
19 verbose cache add name="express" spec="latest" args=["express","latest"]
20 verbose parsed url { protocol: null,
20 verbose parsed url   slashes: null,
20 verbose parsed url   auth: null,
20 verbose parsed url   host: null,
20 verbose parsed url   port: null,
20 verbose parsed url   hostname: null,
20 verbose parsed url   hash: null,
20 verbose parsed url   search: null,
20 verbose parsed url   query: null,
20 verbose parsed url   pathname: 'latest',
20 verbose parsed url   path: 'latest',
20 verbose parsed url   href: 'latest' }
21 verbose addNamed [ 'express', 'latest' ]
22 verbose addNamed [ null, null ]
23 verbose cache add name="request" spec="latest" args=["request","latest"]
24 verbose parsed url { protocol: null,
24 verbose parsed url   slashes: null,
24 verbose parsed url   auth: null,
24 verbose parsed url   host: null,
24 verbose parsed url   port: null,
24 verbose parsed url   hostname: null,
24 verbose parsed url   hash: null,
24 verbose parsed url   search: null,
24 verbose parsed url   query: null,
24 verbose parsed url   pathname: 'latest',
24 verbose parsed url   path: 'latest',
24 verbose parsed url   href: 'latest' }
25 verbose addNamed [ 'request', 'latest' ]
26 verbose addNamed [ null, null ]
27 verbose cache add name="cheerio" spec="latest" args=["cheerio","latest"]
28 verbose parsed url { protocol: null,
28 verbose parsed url   slashes: null,
28 verbose parsed url   auth: null,
28 verbose parsed url   host: null,
28 verbose parsed url   port: null,
28 verbose parsed url   hostname: null,
28 verbose parsed url   hash: null,
28 verbose parsed url   search: null,
28 verbose parsed url   query: null,
28 verbose parsed url   pathname: 'latest',
28 verbose parsed url   path: 'latest',
28 verbose parsed url   href: 'latest' }
29 verbose addNamed [ 'cheerio', 'latest' ]
30 verbose addNamed [ null, null ]
31 silly lockFile c30a01ab-express-latest express@latest
32 verbose lock express@latest /Users/gregghanano/.npm/c30a01ab-express-latest.lock
33 silly lockFile 5da6dfb1-request-latest request@latest
34 verbose lock request@latest /Users/gregghanano/.npm/5da6dfb1-request-latest.lock
35 silly lockFile b5ca765b-cheerio-latest cheerio@latest
36 verbose lock cheerio@latest /Users/gregghanano/.npm/b5ca765b-cheerio-latest.lock
37 info addNameTag [ 'express', 'latest' ]
38 info addNameTag [ 'cheerio', 'latest' ]
39 info addNameTag [ 'request', 'latest' ]
40 verbose request where is /cheerio
41 verbose request registry https://registry.npmjs.org/
42 verbose request id 14902e5ca4090344
43 verbose url raw /cheerio
44 verbose url resolving [ 'https://registry.npmjs.org/', './cheerio' ]
45 verbose url resolved https://registry.npmjs.org/cheerio
46 verbose request where is https://registry.npmjs.org/cheerio
47 info trying registry request attempt 1 at 16:27:09
48 http GET https://registry.npmjs.org/cheerio
49 verbose request where is /request
50 verbose request registry https://registry.npmjs.org/
51 verbose url raw /request
52 verbose url resolving [ 'https://registry.npmjs.org/', './request' ]
53 verbose url resolved https://registry.npmjs.org/request
54 verbose request where is https://registry.npmjs.org/request
55 info trying registry request attempt 1 at 16:27:09
56 verbose etag "2GGA6ZW77K1PMTYX9W4LZLPX6"
57 http GET https://registry.npmjs.org/request
58 verbose request where is /express
59 verbose request registry https://registry.npmjs.org/
60 verbose url raw /express
61 verbose url resolving [ 'https://registry.npmjs.org/', './express' ]
62 verbose url resolved https://registry.npmjs.org/express
63 verbose request where is https://registry.npmjs.org/express
64 info trying registry request attempt 1 at 16:27:09
65 verbose etag "187QXUHA4EI9FIX4VCT0U74P0"
66 http GET https://registry.npmjs.org/express
67 http 200 https://registry.npmjs.org/request
68 silly registry.get cb [ 200,
68 silly registry.get   { server: 'CouchDB/1.5.0 (Erlang OTP/R16B03)',
68 silly registry.get     etag: '"1W7KHC5YMQVWSZZLDQXV6MU9O"',
68 silly registry.get     'content-type': 'application/json',
68 silly registry.get     'cache-control': 'max-age=60',
68 silly registry.get     'content-length': '172544',
68 silly registry.get     'accept-ranges': 'bytes',
68 silly registry.get     date: 'Sat, 03 Oct 2015 23:27:04 GMT',
68 silly registry.get     via: '1.1 varnish',
68 silly registry.get     age: '37',
68 silly registry.get     connection: 'keep-alive',
68 silly registry.get     'x-served-by': 'cache-sjc3123-SJC',
68 silly registry.get     'x-cache': 'HIT',
68 silly registry.get     'x-cache-hits': '3',
68 silly registry.get     'x-timer': 'S1443914824.673232,VS0,VE0',
68 silly registry.get     vary: 'Accept' } ]
69 verbose addNamed [ 'request', '2.64.0' ]
70 verbose addNamed [ '2.64.0', '2.64.0' ]
71 silly lockFile dde332d2-request-2-64-0 request@2.64.0
72 verbose lock request@2.64.0 /Users/gregghanano/.npm/dde332d2-request-2-64-0.lock
73 silly lockFile 055877e1-s-org-request-request-2-64-0-tgz https://registry.npmjs.org/request/-/request-2.64.0.tgz
74 verbose lock https://registry.npmjs.org/request/-/request-2.64.0.tgz /Users/gregghanano/.npm/055877e1-s-org-request-request-2-64-0-tgz.lock
75 verbose addRemoteTarball [ 'https://registry.npmjs.org/request/-/request-2.64.0.tgz',
75 verbose addRemoteTarball   '96a582423ce9b4b5c34e9b232e480173f14ba608' ]
76 info retry fetch attempt 1 at 16:27:09
77 verbose fetch to= /var/folders/bh/cdw97zq90534c5wfs1v_pj5r0000gn/T/npm-77820-TCYJTuGi/registry.npmjs.org/request/-/request-2.64.0.tgz
78 http GET https://registry.npmjs.org/request/-/request-2.64.0.tgz
79 http 200 https://registry.npmjs.org/cheerio
80 silly registry.get cb [ 200,
80 silly registry.get   { server: 'CouchDB/1.5.0 (Erlang OTP/R16B03)',
80 silly registry.get     etag: '"88S5UXDPXS0VSBAYD88XTM8RA"',
80 silly registry.get     'content-type': 'application/json',
80 silly registry.get     'cache-control': 'max-age=60',
80 silly registry.get     'content-length': '91734',
80 silly registry.get     'accept-ranges': 'bytes',
80 silly registry.get     date: 'Sat, 03 Oct 2015 23:27:04 GMT',
80 silly registry.get     via: '1.1 varnish',
80 silly registry.get     age: '0',
80 silly registry.get     connection: 'keep-alive',
80 silly registry.get     'x-served-by': 'cache-sjc3131-SJC',
80 silly registry.get     'x-cache': 'HIT',
80 silly registry.get     'x-cache-hits': '1',
80 silly registry.get     'x-timer': 'S1443914824.682654,VS0,VE88',
80 silly registry.get     vary: 'Accept' } ]
81 verbose addNamed [ 'cheerio', '0.19.0' ]
82 verbose addNamed [ '0.19.0', '0.19.0' ]
83 silly lockFile 31c8477d-cheerio-0-19-0 cheerio@0.19.0
84 verbose lock cheerio@0.19.0 /Users/gregghanano/.npm/31c8477d-cheerio-0-19-0.lock
85 silly lockFile 40bc45d6-s-org-cheerio-cheerio-0-19-0-tgz https://registry.npmjs.org/cheerio/-/cheerio-0.19.0.tgz
86 verbose lock https://registry.npmjs.org/cheerio/-/cheerio-0.19.0.tgz /Users/gregghanano/.npm/40bc45d6-s-org-cheerio-cheerio-0-19-0-tgz.lock
87 verbose addRemoteTarball [ 'https://registry.npmjs.org/cheerio/-/cheerio-0.19.0.tgz',
87 verbose addRemoteTarball   '772e7015f2ee29965096d71ea4175b75ab354925' ]
88 info retry fetch attempt 1 at 16:27:09
89 verbose fetch to= /var/folders/bh/cdw97zq90534c5wfs1v_pj5r0000gn/T/npm-77820-TCYJTuGi/registry.npmjs.org/cheerio/-/cheerio-0.19.0.tgz
90 http GET https://registry.npmjs.org/cheerio/-/cheerio-0.19.0.tgz
91 http 200 https://registry.npmjs.org/cheerio/-/cheerio-0.19.0.tgz
92 http 200 https://registry.npmjs.org/express
93 silly registry.get cb [ 200,
93 silly registry.get   { server: 'CouchDB/1.5.0 (Erlang OTP/R16B03)',
93 silly registry.get     etag: '"847O2OSUG1LTPFNVIYH1BCZ5M"',
93 silly registry.get     'content-type': 'application/json',
93 silly registry.get     'cache-control': 'max-age=60',
93 silly registry.get     'content-length': '527316',
93 silly registry.get     'accept-ranges': 'bytes',
93 silly registry.get     date: 'Sat, 03 Oct 2015 23:27:04 GMT',
93 silly registry.get     via: '1.1 varnish',
93 silly registry.get     age: '23',
93 silly registry.get     connection: 'keep-alive',
93 silly registry.get     'x-served-by': 'cache-sjc3124-SJC',
93 silly registry.get     'x-cache': 'HIT',
93 silly registry.get     'x-cache-hits': '1',
93 silly registry.get     'x-timer': 'S1443914824.683123,VS0,VE2',
93 silly registry.get     vary: 'Accept' } ]
94 verbose addNamed [ 'express', '4.13.3' ]
95 verbose addNamed [ '4.13.3', '4.13.3' ]
96 silly lockFile 51f1744e-express-4-13-3 express@4.13.3
97 verbose lock express@4.13.3 /Users/gregghanano/.npm/51f1744e-express-4-13-3.lock
98 silly lockFile 0cf3ba70-s-org-express-express-4-13-3-tgz https://registry.npmjs.org/express/-/express-4.13.3.tgz
99 verbose lock https://registry.npmjs.org/express/-/express-4.13.3.tgz /Users/gregghanano/.npm/0cf3ba70-s-org-express-express-4-13-3-tgz.lock
100 verbose addRemoteTarball [ 'https://registry.npmjs.org/express/-/express-4.13.3.tgz',
100 verbose addRemoteTarball   'ddb2f1fb4502bf33598d2b032b037960ca6c80a3' ]
101 silly lockFile 40bc45d6-s-org-cheerio-cheerio-0-19-0-tgz https://registry.npmjs.org/cheerio/-/cheerio-0.19.0.tgz
102 silly lockFile 40bc45d6-s-org-cheerio-cheerio-0-19-0-tgz https://registry.npmjs.org/cheerio/-/cheerio-0.19.0.tgz
103 info retry fetch attempt 1 at 16:27:09
104 verbose fetch to= /var/folders/bh/cdw97zq90534c5wfs1v_pj5r0000gn/T/npm-77820-TCYJTuGi/registry.npmjs.org/express/-/express-4.13.3.tgz
105 silly lockFile 31c8477d-cheerio-0-19-0 cheerio@0.19.0
106 silly lockFile 31c8477d-cheerio-0-19-0 cheerio@0.19.0
107 http GET https://registry.npmjs.org/express/-/express-4.13.3.tgz
108 silly lockFile b5ca765b-cheerio-latest cheerio@latest
109 silly lockFile b5ca765b-cheerio-latest cheerio@latest
110 http 200 https://registry.npmjs.org/express/-/express-4.13.3.tgz
111 silly lockFile 0cf3ba70-s-org-express-express-4-13-3-tgz https://registry.npmjs.org/express/-/express-4.13.3.tgz
112 silly lockFile 0cf3ba70-s-org-express-express-4-13-3-tgz https://registry.npmjs.org/express/-/express-4.13.3.tgz
113 silly lockFile 51f1744e-express-4-13-3 express@4.13.3
114 silly lockFile 51f1744e-express-4-13-3 express@4.13.3
115 silly lockFile c30a01ab-express-latest express@latest
116 silly lockFile c30a01ab-express-latest express@latest
117 http 200 https://registry.npmjs.org/request/-/request-2.64.0.tgz
118 silly lockFile 055877e1-s-org-request-request-2-64-0-tgz https://registry.npmjs.org/request/-/request-2.64.0.tgz
119 silly lockFile 055877e1-s-org-request-request-2-64-0-tgz https://registry.npmjs.org/request/-/request-2.64.0.tgz
120 silly lockFile dde332d2-request-2-64-0 request@2.64.0
121 silly lockFile dde332d2-request-2-64-0 request@2.64.0
122 silly lockFile 5da6dfb1-request-latest request@latest
123 silly lockFile 5da6dfb1-request-latest request@latest
124 error Error: EACCES, mkdir '/Users/gregghanano/.npm/request/2.64.0'
124 error  { [Error: EACCES, mkdir '/Users/gregghanano/.npm/request/2.64.0']
124 error   errno: 3,
124 error   code: 'EACCES',
124 error   path: '/Users/gregghanano/.npm/request/2.64.0',
124 error   parent: 'node-web-scrape' }
125 error Please try running this command again as root/Administrator.
126 error System Darwin 14.5.0
127 error command "node" "/usr/local/bin/npm" "install"
128 error cwd /Users/gregghanano/Desktop/CodingDojo/portfolio/node_scraper
129 error node -v v0.10.35
130 error npm -v 1.4.28
131 error path /Users/gregghanano/.npm/request/2.64.0
132 error code EACCES
133 error errno 3
134 error stack Error: EACCES, mkdir '/Users/gregghanano/.npm/request/2.64.0'
135 verbose exit [ 3, true ]
